<?xml version="1.0" encoding="UTF-8"?>
<!-- Generated by org.testng.reporters.JUnitXMLReporter -->
<testsuite ignored="0" hostname="DESKTOP-6AACV9F" failures="1" tests="1" name="Test" time="0.132" errors="0" timestamp="2023-01-12T16:16:11 IST">
  <testcase classname="utility.Basecls" name="@BeforeClass setUp" time="-1.673520371446E9">
    <failure type="org.testng.TestNGException" message="
Can inject only one of &amp;lt;ITestContext, XmlTest&amp;gt; into a @BeforeClass annotated setUp.
For more information on native dependency injection please refer to https://testng.org/doc/documentation-main.html#native-dependency-injection">
      <![CDATA[org.testng.TestNGException: 
Can inject only one of <ITestContext, XmlTest> into a @BeforeClass annotated setUp.
For more information on native dependency injection please refer to https://testng.org/doc/documentation-main.html#native-dependency-injection
at java.base/java.util.ArrayList.forEach(ArrayList.java:1511)
... Removed 22 stack frames]]>
    </failure>
  </testcase> <!-- @BeforeClass setUp -->
  <testcase classname="utility.Basecls" name="@AfterClass teardown" time="-1.673520371529E9">
    <skipped/>
  </testcase> <!-- @AfterClass teardown -->
  <testcase classname="com.CRHCMedRefill_test.OTP_test" name="Verify_OTP" time="0.036">
    <failure type="java.lang.NullPointerException" message="Cannot invoke &amp;quot;com.aventstack.extentreports.ExtentReports.createTest(String)&amp;quot; because &amp;quot;utility.Listeners_refill.extent&amp;quot; is null">
      <![CDATA[java.lang.NullPointerException: Cannot invoke "com.aventstack.extentreports.ExtentReports.createTest(String)" because "utility.Listeners_refill.extent" is null
at utility.Listeners_refill.onTestStart(Listeners_refill.java:15)
at java.base/java.util.ArrayList.forEach(ArrayList.java:1511)
... Removed 25 stack frames]]>
    </failure>
  </testcase> <!-- Verify_OTP -->
</testsuite> <!-- Test -->
